25 Apr 2016 22:27:22,406  INFO MainMenuConsoleView:85 - Class TemperatureController --- Start Controller Temperature...
25 Apr 2016 22:27:23,461  INFO Controller:131 - Class TemperatureSensot --- Start Sensor Temperature...
25 Apr 2016 22:27:23,526  INFO Sensor:98 - Class Sensor --- SEND to Controller --- Value:70.94994
25 Apr 2016 22:27:23,535  INFO MainMenuConsoleView:868 - Class MainMenuConsoleView --- RECEIVED from Temperature Sensor --- Value: 70.94994
25 Apr 2016 22:27:23,542  INFO Controller:83 - Class TemperatureController --- RECEIVED from Sensor --- Value: 70.94994
25 Apr 2016 22:27:23,542  INFO Controller:70 - Class TemperatureController --- SEND to Controller ...
25 Apr 2016 22:27:28,559  INFO Sensor:98 - Class Sensor --- SEND to Controller --- Value:70.74148
25 Apr 2016 22:27:28,562  INFO Controller:83 - Class TemperatureController --- RECEIVED from Sensor --- Value: 70.74148
25 Apr 2016 22:27:28,563  INFO Controller:70 - Class TemperatureController --- SEND to Controller ...
25 Apr 2016 22:27:28,563  INFO MainMenuConsoleView:868 - Class MainMenuConsoleView --- RECEIVED from Temperature Sensor --- Value: 70.74148
25 Apr 2016 22:29:01,568  INFO MainMenuConsoleView:85 - Class TemperatureController --- Start Controller Temperature...
25 Apr 2016 22:29:02,596  INFO Controller:131 - Class TemperatureSensot --- Start Sensor Temperature...
25 Apr 2016 22:29:02,678  INFO Sensor:98 - Class Sensor --- SEND to Controller --- Value:69.545494
25 Apr 2016 22:29:02,692  INFO MainMenuConsoleView:865 - Class MainMenuConsoleView --- RECEIVED from Temperature Sensor --- Value: 69.545494
25 Apr 2016 22:29:02,705  INFO Controller:83 - Class TemperatureController --- RECEIVED from Sensor --- Value: 69.545494
25 Apr 2016 22:29:02,708  INFO Controller:70 - Class TemperatureController --- SEND to Controller ...
25 Apr 2016 22:57:51,017  INFO MainMenuConsoleView:85 - Class TemperatureController --- Start Controller Temperature...
25 Apr 2016 22:58:16,114  INFO Sensor:117 - Class TemperatureSensot --- Start Sensor Temperature...
25 Apr 2016 22:58:16,417  INFO Sensor:98 - Class Sensor --- SEND to Controller --- Value:70.80467
25 Apr 2016 22:58:16,432  INFO Controller:83 - Class TemperatureController --- RECEIVED from Sensor --- Value: 70.80467
25 Apr 2016 22:58:16,434  INFO Controller:68 - Class TemperatureController --- SEND to Controller ...
25 Apr 2016 22:58:16,437  INFO MainMenuConsoleView:941 - Class MainMenuConsoleView --- RECEIVED from Temperature Sensor --- Value: 70.80467
25 Apr 2016 22:58:21,449  INFO Sensor:98 - Class Sensor --- SEND to Controller --- Value:70.99339
25 Apr 2016 22:58:21,454  INFO MainMenuConsoleView:941 - Class MainMenuConsoleView --- RECEIVED from Temperature Sensor --- Value: 70.99339
25 Apr 2016 22:58:21,454  INFO Controller:83 - Class TemperatureController --- RECEIVED from Sensor --- Value: 70.99339
25 Apr 2016 22:58:21,456  INFO Controller:68 - Class TemperatureController --- SEND to Controller ...
25 Apr 2016 22:58:26,461  INFO Sensor:98 - Class Sensor --- SEND to Controller --- Value:70.25425
25 Apr 2016 22:58:26,465  INFO Controller:83 - Class TemperatureController --- RECEIVED from Sensor --- Value: 70.25425
25 Apr 2016 22:58:26,465  INFO MainMenuConsoleView:941 - Class MainMenuConsoleView --- RECEIVED from Temperature Sensor --- Value: 70.25425
25 Apr 2016 22:58:26,467  INFO Controller:68 - Class TemperatureController --- SEND to Controller ...
25 Apr 2016 22:58:31,480  INFO Sensor:98 - Class Sensor --- SEND to Controller --- Value:70.62556
25 Apr 2016 22:58:31,484  INFO MainMenuConsoleView:941 - Class MainMenuConsoleView --- RECEIVED from Temperature Sensor --- Value: 70.62556
25 Apr 2016 22:58:31,486  INFO Controller:83 - Class TemperatureController --- RECEIVED from Sensor --- Value: 70.62556
25 Apr 2016 22:58:31,487  INFO Controller:68 - Class TemperatureController --- SEND to Controller ...
25 Apr 2016 23:00:37,325  INFO MainMenuConsoleView:85 - Class TemperatureController --- Start Controller Temperature...
25 Apr 2016 23:00:45,767  INFO Sensor:117 - Class TemperatureSensot --- Start Sensor Temperature...
25 Apr 2016 23:00:45,959  INFO Sensor:98 - Class Sensor --- SEND to Controller --- Value:70.50347
25 Apr 2016 23:00:46,002  INFO MainMenuConsoleView:867 - Class MainMenuConsoleView --- RECEIVED from Temperature Sensor --- Value: 70.50347
25 Apr 2016 23:00:46,011  INFO Controller:83 - Class TemperatureController --- RECEIVED from Sensor --- Value: 70.50347
25 Apr 2016 23:00:46,012  INFO Controller:68 - Class TemperatureController --- SEND to Controller ...
25 Apr 2016 23:00:50,994  INFO Sensor:98 - Class Sensor --- SEND to Controller --- Value:69.9892
25 Apr 2016 23:00:51,002  INFO MainMenuConsoleView:867 - Class MainMenuConsoleView --- RECEIVED from Temperature Sensor --- Value: 69.9892
25 Apr 2016 23:00:51,009  INFO Controller:83 - Class TemperatureController --- RECEIVED from Sensor --- Value: 69.9892
25 Apr 2016 23:00:51,010  INFO Controller:68 - Class TemperatureController --- SEND to Controller ...
25 Apr 2016 23:00:56,012  INFO Sensor:98 - Class Sensor --- SEND to Controller --- Value:70.829636
25 Apr 2016 23:01:52,600  INFO MainMenuConsoleView:85 - Class TemperatureController --- Start Controller Temperature...
25 Apr 2016 23:01:56,844  INFO Sensor:117 - Class TemperatureSensot --- Start Sensor Temperature...
25 Apr 2016 23:01:57,142  INFO Sensor:98 - Class Sensor --- SEND to Controller --- Value:69.37431
25 Apr 2016 23:01:57,189  INFO MainMenuConsoleView:867 - Class MainMenuConsoleView --- RECEIVED from Temperature Sensor --- Value: 69.37431
25 Apr 2016 23:01:57,192  INFO Controller:83 - Class TemperatureController --- RECEIVED from Sensor --- Value: 69.37431
25 Apr 2016 23:01:57,197  INFO Controller:68 - Class TemperatureController --- SEND to Controller ...
25 Apr 2016 23:01:57,222  INFO Controller:60 - Class Controller --- SEND  to Sensor --- Value: C0
25 Apr 2016 23:01:57,231  INFO MainMenuConsoleView:678 - Class MainMenuConsoleView --- RECEIVED from Temperature Controller --- Value: C0
25 Apr 2016 23:01:57,236  INFO Sensor:121 - Class Sensor --- RECEIVED From Controller --- Value: C0
25 Apr 2016 23:01:57,236  INFO Sensor:51 - Class TemperatureSensor --- NewValues Heater: false , Chiller: false
25 Apr 2016 23:01:57,255  INFO Controller:60 - Class Controller --- SEND  to Sensor --- Value: H1
25 Apr 2016 23:01:57,269  INFO MainMenuConsoleView:678 - Class MainMenuConsoleView --- RECEIVED from Temperature Controller --- Value: H1
25 Apr 2016 23:01:57,270  INFO Sensor:121 - Class Sensor --- RECEIVED From Controller --- Value: H1
25 Apr 2016 23:01:57,272  INFO Sensor:51 - Class TemperatureSensor --- NewValues Heater: true , Chiller: false
25 Apr 2016 23:02:02,187  INFO Sensor:98 - Class Sensor --- SEND to Controller --- Value:69.87669
25 Apr 2016 23:02:02,191  INFO MainMenuConsoleView:867 - Class MainMenuConsoleView --- RECEIVED from Temperature Sensor --- Value: 69.87669
25 Apr 2016 23:02:02,195  INFO Controller:83 - Class TemperatureController --- RECEIVED from Sensor --- Value: 69.87669
25 Apr 2016 23:02:02,196  INFO Controller:68 - Class TemperatureController --- SEND to Controller ...
25 Apr 2016 23:02:07,210  INFO Sensor:98 - Class Sensor --- SEND to Controller --- Value:70.05381
25 Apr 2016 23:02:12,222  INFO Sensor:98 - Class Sensor --- SEND to Controller --- Value:71.03831
25 Apr 2016 23:02:17,233  INFO Sensor:98 - Class Sensor --- SEND to Controller --- Value:72.01724
25 Apr 2016 23:02:22,245  INFO Sensor:98 - Class Sensor --- SEND to Controller --- Value:72.93403
25 Apr 2016 23:02:27,259  INFO Sensor:98 - Class Sensor --- SEND to Controller --- Value:73.174
25 Apr 2016 23:02:32,274  INFO Sensor:98 - Class Sensor --- SEND to Controller --- Value:72.2781
25 Apr 2016 23:02:37,288  INFO Sensor:98 - Class Sensor --- SEND to Controller --- Value:71.58612
25 Apr 2016 23:02:42,308  INFO Sensor:98 - Class Sensor --- SEND to Controller --- Value:70.78846
25 Apr 2016 23:02:47,329  INFO Sensor:98 - Class Sensor --- SEND to Controller --- Value:71.72002
25 Apr 2016 23:02:52,348  INFO Sensor:98 - Class Sensor --- SEND to Controller --- Value:70.84206
25 Apr 2016 23:02:57,361  INFO Sensor:98 - Class Sensor --- SEND to Controller --- Value:70.71734
25 Apr 2016 23:03:02,370  INFO Sensor:98 - Class Sensor --- SEND to Controller --- Value:71.480286
25 Apr 2016 23:03:08,447  INFO MainMenuConsoleView:85 - Class TemperatureController --- Start Controller Temperature...
25 Apr 2016 23:04:09,992  INFO MainMenuConsoleView:85 - Class TemperatureController --- Start Controller Temperature...
25 Apr 2016 23:04:11,079  INFO Controller:132 - Class TemperatureSensot --- Start Sensor Temperature...
25 Apr 2016 23:04:11,117  INFO Sensor:98 - Class Sensor --- SEND to Controller --- Value:69.27724
25 Apr 2016 23:04:11,128  INFO MainMenuConsoleView:856 - Class MainMenuConsoleView --- RECEIVED from Temperature Sensor --- Value: 69.27724
25 Apr 2016 23:04:11,129  INFO MainMenuConsoleView:856 - Class MainMenuConsoleView --- RECEIVED from Temperature Sensor --- Value: 69.27724
25 Apr 2016 23:04:11,128  INFO Controller:83 - Class TemperatureController --- RECEIVED from Sensor --- Value: 69.27724
25 Apr 2016 23:04:11,132  INFO Controller:68 - Class TemperatureController --- SEND to Controller ...
25 Apr 2016 23:04:11,156  INFO Controller:60 - Class Controller --- SEND  to Sensor --- Value: C0
25 Apr 2016 23:04:11,147  INFO Controller:83 - Class TemperatureController --- RECEIVED from Sensor --- Value: 69.27724
25 Apr 2016 23:04:11,159  INFO Controller:68 - Class TemperatureController --- SEND to Controller ...
25 Apr 2016 23:04:11,168  INFO Sensor:121 - Class Sensor --- RECEIVED From Controller --- Value: C0
25 Apr 2016 23:04:11,169  INFO Sensor:51 - Class TemperatureSensor --- NewValues Heater: false , Chiller: false
25 Apr 2016 23:04:11,168  INFO MainMenuConsoleView:668 - Class MainMenuConsoleView --- RECEIVED from Temperature Controller --- Value: C0
25 Apr 2016 23:04:11,173  INFO Controller:60 - Class Controller --- SEND  to Sensor --- Value: C0
25 Apr 2016 23:04:11,175  INFO MainMenuConsoleView:668 - Class MainMenuConsoleView --- RECEIVED from Temperature Controller --- Value: C0
25 Apr 2016 23:04:11,194  INFO Sensor:121 - Class Sensor --- RECEIVED From Controller --- Value: C0
25 Apr 2016 23:04:11,194  INFO Sensor:51 - Class TemperatureSensor --- NewValues Heater: false , Chiller: false
25 Apr 2016 23:04:11,196  INFO MainMenuConsoleView:668 - Class MainMenuConsoleView --- RECEIVED from Temperature Controller --- Value: C0
25 Apr 2016 23:04:11,196  INFO MainMenuConsoleView:668 - Class MainMenuConsoleView --- RECEIVED from Temperature Controller --- Value: C0
25 Apr 2016 23:04:11,202  INFO Controller:60 - Class Controller --- SEND  to Sensor --- Value: H1
25 Apr 2016 23:04:11,215  INFO Sensor:121 - Class Sensor --- RECEIVED From Controller --- Value: H1
25 Apr 2016 23:04:11,216  INFO Controller:60 - Class Controller --- SEND  to Sensor --- Value: H1
25 Apr 2016 23:04:11,216  INFO Sensor:51 - Class TemperatureSensor --- NewValues Heater: true , Chiller: false
25 Apr 2016 23:04:11,223  INFO MainMenuConsoleView:668 - Class MainMenuConsoleView --- RECEIVED from Temperature Controller --- Value: H1
25 Apr 2016 23:04:11,227  INFO MainMenuConsoleView:668 - Class MainMenuConsoleView --- RECEIVED from Temperature Controller --- Value: H1
25 Apr 2016 23:04:11,228  INFO MainMenuConsoleView:668 - Class MainMenuConsoleView --- RECEIVED from Temperature Controller --- Value: H1
25 Apr 2016 23:04:11,229  INFO Sensor:121 - Class Sensor --- RECEIVED From Controller --- Value: H1
25 Apr 2016 23:04:11,229  INFO Sensor:51 - Class TemperatureSensor --- NewValues Heater: true , Chiller: false
25 Apr 2016 23:04:11,229  INFO MainMenuConsoleView:668 - Class MainMenuConsoleView --- RECEIVED from Temperature Controller --- Value: H1
25 Apr 2016 23:04:16,164  INFO Sensor:98 - Class Sensor --- SEND to Controller --- Value:69.152756
25 Apr 2016 23:04:16,169  INFO Controller:83 - Class TemperatureController --- RECEIVED from Sensor --- Value: 69.152756
25 Apr 2016 23:04:16,171  INFO Controller:68 - Class TemperatureController --- SEND to Controller ...
25 Apr 2016 23:04:16,173  INFO MainMenuConsoleView:856 - Class MainMenuConsoleView --- RECEIVED from Temperature Sensor --- Value: 69.152756
25 Apr 2016 23:04:16,176  INFO Controller:83 - Class TemperatureController --- RECEIVED from Sensor --- Value: 69.152756
25 Apr 2016 23:04:16,176  INFO Controller:68 - Class TemperatureController --- SEND to Controller ...
25 Apr 2016 23:04:16,175  INFO MainMenuConsoleView:856 - Class MainMenuConsoleView --- RECEIVED from Temperature Sensor --- Value: 69.152756
25 Apr 2016 23:04:16,194  INFO Controller:60 - Class Controller --- SEND  to Sensor --- Value: C0
25 Apr 2016 23:04:16,202  INFO MainMenuConsoleView:668 - Class MainMenuConsoleView --- RECEIVED from Temperature Controller --- Value: C0
25 Apr 2016 23:04:16,201  INFO MainMenuConsoleView:668 - Class MainMenuConsoleView --- RECEIVED from Temperature Controller --- Value: C0
25 Apr 2016 23:04:16,202  INFO Sensor:121 - Class Sensor --- RECEIVED From Controller --- Value: C0
25 Apr 2016 23:04:16,204  INFO Sensor:51 - Class TemperatureSensor --- NewValues Heater: true , Chiller: false
25 Apr 2016 23:04:16,217  INFO Controller:60 - Class Controller --- SEND  to Sensor --- Value: C0
25 Apr 2016 23:04:16,220  INFO MainMenuConsoleView:668 - Class MainMenuConsoleView --- RECEIVED from Temperature Controller --- Value: C0
25 Apr 2016 23:04:16,221  INFO Sensor:121 - Class Sensor --- RECEIVED From Controller --- Value: C0
25 Apr 2016 23:04:16,222  INFO Sensor:51 - Class TemperatureSensor --- NewValues Heater: true , Chiller: false
25 Apr 2016 23:04:16,223  INFO MainMenuConsoleView:668 - Class MainMenuConsoleView --- RECEIVED from Temperature Controller --- Value: C0
25 Apr 2016 23:04:16,225  INFO Controller:60 - Class Controller --- SEND  to Sensor --- Value: H1
25 Apr 2016 23:04:16,233  INFO MainMenuConsoleView:668 - Class MainMenuConsoleView --- RECEIVED from Temperature Controller --- Value: H1
25 Apr 2016 23:04:16,240  INFO Sensor:121 - Class Sensor --- RECEIVED From Controller --- Value: H1
25 Apr 2016 23:04:16,240  INFO Sensor:51 - Class TemperatureSensor --- NewValues Heater: true , Chiller: false
25 Apr 2016 23:04:16,240  INFO MainMenuConsoleView:668 - Class MainMenuConsoleView --- RECEIVED from Temperature Controller --- Value: H1
25 Apr 2016 23:04:16,252  INFO Controller:60 - Class Controller --- SEND  to Sensor --- Value: H1
25 Apr 2016 23:04:16,255  INFO MainMenuConsoleView:668 - Class MainMenuConsoleView --- RECEIVED from Temperature Controller --- Value: H1
25 Apr 2016 23:04:16,256  INFO MainMenuConsoleView:668 - Class MainMenuConsoleView --- RECEIVED from Temperature Controller --- Value: H1
25 Apr 2016 23:04:16,255  INFO Sensor:121 - Class Sensor --- RECEIVED From Controller --- Value: H1
25 Apr 2016 23:04:16,256  INFO Sensor:51 - Class TemperatureSensor --- NewValues Heater: true , Chiller: false
25 Apr 2016 23:04:21,203  INFO Sensor:98 - Class Sensor --- SEND to Controller --- Value:68.64795
25 Apr 2016 23:04:21,208  INFO Controller:83 - Class TemperatureController --- RECEIVED from Sensor --- Value: 68.64795
25 Apr 2016 23:04:21,207  INFO MainMenuConsoleView:856 - Class MainMenuConsoleView --- RECEIVED from Temperature Sensor --- Value: 68.64795
25 Apr 2016 23:04:21,209  INFO Controller:68 - Class TemperatureController --- SEND to Controller ...
25 Apr 2016 23:04:21,208  INFO MainMenuConsoleView:856 - Class MainMenuConsoleView --- RECEIVED from Temperature Sensor --- Value: 68.64795
25 Apr 2016 23:04:21,214  INFO Controller:83 - Class TemperatureController --- RECEIVED from Sensor --- Value: 68.64795
25 Apr 2016 23:04:21,215  INFO Controller:68 - Class TemperatureController --- SEND to Controller ...
25 Apr 2016 23:04:21,228  INFO Controller:60 - Class Controller --- SEND  to Sensor --- Value: C0
25 Apr 2016 23:04:21,230  INFO MainMenuConsoleView:668 - Class MainMenuConsoleView --- RECEIVED from Temperature Controller --- Value: C0
25 Apr 2016 23:04:21,231  INFO Sensor:121 - Class Sensor --- RECEIVED From Controller --- Value: C0
25 Apr 2016 23:04:21,232  INFO Sensor:51 - Class TemperatureSensor --- NewValues Heater: true , Chiller: false
25 Apr 2016 23:04:21,232  INFO Controller:60 - Class Controller --- SEND  to Sensor --- Value: C0
25 Apr 2016 23:04:21,233  INFO MainMenuConsoleView:668 - Class MainMenuConsoleView --- RECEIVED from Temperature Controller --- Value: C0
25 Apr 2016 23:04:21,236  INFO MainMenuConsoleView:668 - Class MainMenuConsoleView --- RECEIVED from Temperature Controller --- Value: C0
25 Apr 2016 23:04:21,239  INFO Sensor:121 - Class Sensor --- RECEIVED From Controller --- Value: C0
25 Apr 2016 23:04:21,239  INFO Sensor:51 - Class TemperatureSensor --- NewValues Heater: true , Chiller: false
25 Apr 2016 23:04:21,246  INFO MainMenuConsoleView:668 - Class MainMenuConsoleView --- RECEIVED from Temperature Controller --- Value: C0
25 Apr 2016 23:04:21,255  INFO Controller:60 - Class Controller --- SEND  to Sensor --- Value: H1
25 Apr 2016 23:04:21,259  INFO Sensor:121 - Class Sensor --- RECEIVED From Controller --- Value: H1
25 Apr 2016 23:04:21,257  INFO Controller:60 - Class Controller --- SEND  to Sensor --- Value: H1
25 Apr 2016 23:04:21,260  INFO Sensor:51 - Class TemperatureSensor --- NewValues Heater: true , Chiller: false
25 Apr 2016 23:04:21,259  INFO MainMenuConsoleView:668 - Class MainMenuConsoleView --- RECEIVED from Temperature Controller --- Value: H1
25 Apr 2016 23:04:21,261  INFO MainMenuConsoleView:668 - Class MainMenuConsoleView --- RECEIVED from Temperature Controller --- Value: H1
25 Apr 2016 23:04:21,267  INFO MainMenuConsoleView:668 - Class MainMenuConsoleView --- RECEIVED from Temperature Controller --- Value: H1
25 Apr 2016 23:04:21,268  INFO MainMenuConsoleView:668 - Class MainMenuConsoleView --- RECEIVED from Temperature Controller --- Value: H1
25 Apr 2016 23:04:21,269  INFO Sensor:121 - Class Sensor --- RECEIVED From Controller --- Value: H1
25 Apr 2016 23:04:21,269  INFO Sensor:51 - Class TemperatureSensor --- NewValues Heater: true , Chiller: false
25 Apr 2016 23:04:26,220  INFO Sensor:98 - Class Sensor --- SEND to Controller --- Value:67.94117
25 Apr 2016 23:04:26,224  INFO Controller:83 - Class TemperatureController --- RECEIVED from Sensor --- Value: 67.94117
25 Apr 2016 23:04:26,224  INFO Controller:68 - Class TemperatureController --- SEND to Controller ...
25 Apr 2016 23:04:26,226  INFO MainMenuConsoleView:856 - Class MainMenuConsoleView --- RECEIVED from Temperature Sensor --- Value: 67.94117
25 Apr 2016 23:04:26,227  INFO Controller:83 - Class TemperatureController --- RECEIVED from Sensor --- Value: 67.94117
25 Apr 2016 23:04:26,227  INFO Controller:68 - Class TemperatureController --- SEND to Controller ...
25 Apr 2016 23:04:26,234  INFO MainMenuConsoleView:856 - Class MainMenuConsoleView --- RECEIVED from Temperature Sensor --- Value: 67.94117
25 Apr 2016 23:04:26,259  INFO Controller:60 - Class Controller --- SEND  to Sensor --- Value: C0
25 Apr 2016 23:04:26,259  INFO Controller:60 - Class Controller --- SEND  to Sensor --- Value: C0
25 Apr 2016 23:04:26,262  INFO MainMenuConsoleView:668 - Class MainMenuConsoleView --- RECEIVED from Temperature Controller --- Value: C0
25 Apr 2016 23:04:26,266  INFO Sensor:121 - Class Sensor --- RECEIVED From Controller --- Value: C0
25 Apr 2016 23:04:26,269  INFO Sensor:51 - Class TemperatureSensor --- NewValues Heater: true , Chiller: false
25 Apr 2016 23:04:26,270  INFO Sensor:121 - Class Sensor --- RECEIVED From Controller --- Value: C0
25 Apr 2016 23:04:26,270  INFO Sensor:51 - Class TemperatureSensor --- NewValues Heater: true , Chiller: false
25 Apr 2016 23:04:26,269  INFO MainMenuConsoleView:668 - Class MainMenuConsoleView --- RECEIVED from Temperature Controller --- Value: C0
25 Apr 2016 23:04:26,271  INFO MainMenuConsoleView:668 - Class MainMenuConsoleView --- RECEIVED from Temperature Controller --- Value: C0
25 Apr 2016 23:04:26,279  INFO MainMenuConsoleView:668 - Class MainMenuConsoleView --- RECEIVED from Temperature Controller --- Value: C0
25 Apr 2016 23:04:26,300  INFO Controller:60 - Class Controller --- SEND  to Sensor --- Value: H1
25 Apr 2016 23:04:26,304  INFO MainMenuConsoleView:668 - Class MainMenuConsoleView --- RECEIVED from Temperature Controller --- Value: H1
25 Apr 2016 23:04:26,309  INFO MainMenuConsoleView:668 - Class MainMenuConsoleView --- RECEIVED from Temperature Controller --- Value: H1
25 Apr 2016 23:04:26,309  INFO Sensor:121 - Class Sensor --- RECEIVED From Controller --- Value: H1
25 Apr 2016 23:04:26,312  INFO Sensor:51 - Class TemperatureSensor --- NewValues Heater: true , Chiller: false
25 Apr 2016 23:04:26,336  INFO Controller:60 - Class Controller --- SEND  to Sensor --- Value: H1
25 Apr 2016 23:04:26,339  INFO MainMenuConsoleView:668 - Class MainMenuConsoleView --- RECEIVED from Temperature Controller --- Value: H1
25 Apr 2016 23:04:26,340  INFO Sensor:121 - Class Sensor --- RECEIVED From Controller --- Value: H1
25 Apr 2016 23:04:26,341  INFO Sensor:51 - Class TemperatureSensor --- NewValues Heater: true , Chiller: false
25 Apr 2016 23:04:26,341  INFO MainMenuConsoleView:668 - Class MainMenuConsoleView --- RECEIVED from Temperature Controller --- Value: H1
25 Apr 2016 23:05:07,967  INFO MainMenuConsoleView:85 - Class TemperatureController --- Start Controller Temperature...
25 Apr 2016 23:05:09,020  INFO Controller:132 - Class TemperatureSensot --- Start Sensor Temperature...
25 Apr 2016 23:05:09,064  INFO Sensor:98 - Class Sensor --- SEND to Controller --- Value:69.453064
25 Apr 2016 23:05:09,071  INFO MainMenuConsoleView:856 - Class MainMenuConsoleView --- RECEIVED from Temperature Sensor --- Value: 69.453064
25 Apr 2016 23:05:09,076  INFO Controller:83 - Class TemperatureController --- RECEIVED from Sensor --- Value: 69.453064
25 Apr 2016 23:05:09,078  INFO MainMenuConsoleView:856 - Class MainMenuConsoleView --- RECEIVED from Temperature Sensor --- Value: 69.453064
25 Apr 2016 23:05:09,082  INFO Controller:68 - Class TemperatureController --- SEND to Controller ...
25 Apr 2016 23:05:09,089  INFO Controller:83 - Class TemperatureController --- RECEIVED from Sensor --- Value: 69.453064
25 Apr 2016 23:05:09,091  INFO Controller:68 - Class TemperatureController --- SEND to Controller ...
25 Apr 2016 23:05:09,098  INFO Controller:60 - Class Controller --- SEND  to Sensor --- Value: C0
25 Apr 2016 23:05:09,106  INFO MainMenuConsoleView:668 - Class MainMenuConsoleView --- RECEIVED from Temperature Controller --- Value: C0
25 Apr 2016 23:05:09,107  INFO MainMenuConsoleView:668 - Class MainMenuConsoleView --- RECEIVED from Temperature Controller --- Value: C0
25 Apr 2016 23:05:09,108  INFO Sensor:121 - Class Sensor --- RECEIVED From Controller --- Value: C0
25 Apr 2016 23:05:09,108  INFO Sensor:51 - Class TemperatureSensor --- NewValues Heater: false , Chiller: false
25 Apr 2016 23:05:09,113  INFO Controller:60 - Class Controller --- SEND  to Sensor --- Value: C0
25 Apr 2016 23:05:09,132  INFO MainMenuConsoleView:668 - Class MainMenuConsoleView --- RECEIVED from Temperature Controller --- Value: C0
25 Apr 2016 23:05:09,152  INFO MainMenuConsoleView:668 - Class MainMenuConsoleView --- RECEIVED from Temperature Controller --- Value: C0
25 Apr 2016 23:05:09,164  INFO Sensor:121 - Class Sensor --- RECEIVED From Controller --- Value: C0
25 Apr 2016 23:05:09,163  INFO Controller:60 - Class Controller --- SEND  to Sensor --- Value: H1
25 Apr 2016 23:05:09,171  INFO MainMenuConsoleView:668 - Class MainMenuConsoleView --- RECEIVED from Temperature Controller --- Value: H1
25 Apr 2016 23:05:09,168  INFO Sensor:51 - Class TemperatureSensor --- NewValues Heater: false , Chiller: false
25 Apr 2016 23:05:09,172  INFO MainMenuConsoleView:668 - Class MainMenuConsoleView --- RECEIVED from Temperature Controller --- Value: H1
25 Apr 2016 23:05:09,175  INFO Controller:60 - Class Controller --- SEND  to Sensor --- Value: H1
25 Apr 2016 23:05:09,178  INFO MainMenuConsoleView:668 - Class MainMenuConsoleView --- RECEIVED from Temperature Controller --- Value: H1
25 Apr 2016 23:05:09,189  INFO MainMenuConsoleView:668 - Class MainMenuConsoleView --- RECEIVED from Temperature Controller --- Value: H1
25 Apr 2016 23:05:09,190  INFO Sensor:121 - Class Sensor --- RECEIVED From Controller --- Value: H1
25 Apr 2016 23:05:09,196  INFO Sensor:51 - Class TemperatureSensor --- NewValues Heater: true , Chiller: false
25 Apr 2016 23:05:09,196  INFO Sensor:121 - Class Sensor --- RECEIVED From Controller --- Value: H1
25 Apr 2016 23:05:09,196  INFO Sensor:51 - Class TemperatureSensor --- NewValues Heater: true , Chiller: false
25 Apr 2016 23:05:10,109  INFO Sensor:98 - Class Sensor --- SEND to Controller --- Value:68.807846
25 Apr 2016 23:05:10,111  INFO MainMenuConsoleView:856 - Class MainMenuConsoleView --- RECEIVED from Temperature Sensor --- Value: 68.807846
25 Apr 2016 23:05:10,115  INFO MainMenuConsoleView:856 - Class MainMenuConsoleView --- RECEIVED from Temperature Sensor --- Value: 68.807846
25 Apr 2016 23:05:10,116  INFO Controller:83 - Class TemperatureController --- RECEIVED from Sensor --- Value: 68.807846
25 Apr 2016 23:05:10,116  INFO Controller:68 - Class TemperatureController --- SEND to Controller ...
25 Apr 2016 23:05:10,116  INFO Controller:83 - Class TemperatureController --- RECEIVED from Sensor --- Value: 68.807846
25 Apr 2016 23:05:10,118  INFO Controller:68 - Class TemperatureController --- SEND to Controller ...
25 Apr 2016 23:05:10,129  INFO Controller:60 - Class Controller --- SEND  to Sensor --- Value: C0
25 Apr 2016 23:05:10,129  INFO Controller:60 - Class Controller --- SEND  to Sensor --- Value: C0
25 Apr 2016 23:05:10,132  INFO MainMenuConsoleView:668 - Class MainMenuConsoleView --- RECEIVED from Temperature Controller --- Value: C0
25 Apr 2016 23:05:10,134  INFO MainMenuConsoleView:668 - Class MainMenuConsoleView --- RECEIVED from Temperature Controller --- Value: C0
25 Apr 2016 23:05:10,134  INFO MainMenuConsoleView:668 - Class MainMenuConsoleView --- RECEIVED from Temperature Controller --- Value: C0
25 Apr 2016 23:05:10,137  INFO MainMenuConsoleView:668 - Class MainMenuConsoleView --- RECEIVED from Temperature Controller --- Value: C0
25 Apr 2016 23:05:10,138  INFO Sensor:121 - Class Sensor --- RECEIVED From Controller --- Value: C0
25 Apr 2016 23:05:10,139  INFO Sensor:51 - Class TemperatureSensor --- NewValues Heater: true , Chiller: false
25 Apr 2016 23:05:10,140  INFO Sensor:121 - Class Sensor --- RECEIVED From Controller --- Value: C0
25 Apr 2016 23:05:10,140  INFO Sensor:51 - Class TemperatureSensor --- NewValues Heater: true , Chiller: false
25 Apr 2016 23:05:10,156  INFO Controller:60 - Class Controller --- SEND  to Sensor --- Value: H1
25 Apr 2016 23:05:10,160  INFO MainMenuConsoleView:668 - Class MainMenuConsoleView --- RECEIVED from Temperature Controller --- Value: H1
25 Apr 2016 23:05:10,160  INFO Controller:60 - Class Controller --- SEND  to Sensor --- Value: H1
25 Apr 2016 23:05:10,161  INFO Sensor:121 - Class Sensor --- RECEIVED From Controller --- Value: H1
25 Apr 2016 23:05:10,163  INFO Sensor:51 - Class TemperatureSensor --- NewValues Heater: true , Chiller: false
25 Apr 2016 23:05:10,170  INFO MainMenuConsoleView:668 - Class MainMenuConsoleView --- RECEIVED from Temperature Controller --- Value: H1
25 Apr 2016 23:05:10,168  INFO MainMenuConsoleView:668 - Class MainMenuConsoleView --- RECEIVED from Temperature Controller --- Value: H1
25 Apr 2016 23:05:10,176  INFO Sensor:121 - Class Sensor --- RECEIVED From Controller --- Value: H1
25 Apr 2016 23:05:10,181  INFO MainMenuConsoleView:668 - Class MainMenuConsoleView --- RECEIVED from Temperature Controller --- Value: H1
25 Apr 2016 23:05:10,183  INFO Sensor:51 - Class TemperatureSensor --- NewValues Heater: true , Chiller: false
25 Apr 2016 23:05:11,131  INFO Sensor:98 - Class Sensor --- SEND to Controller --- Value:69.72338
25 Apr 2016 23:05:11,138  INFO Controller:83 - Class TemperatureController --- RECEIVED from Sensor --- Value: 69.72338
25 Apr 2016 23:05:11,139  INFO Controller:68 - Class TemperatureController --- SEND to Controller ...
25 Apr 2016 23:05:11,138  INFO MainMenuConsoleView:856 - Class MainMenuConsoleView --- RECEIVED from Temperature Sensor --- Value: 69.72338
25 Apr 2016 23:05:11,147  INFO Controller:83 - Class TemperatureController --- RECEIVED from Sensor --- Value: 69.72338
25 Apr 2016 23:05:11,147  INFO Controller:68 - Class TemperatureController --- SEND to Controller ...
25 Apr 2016 23:05:11,156  INFO MainMenuConsoleView:856 - Class MainMenuConsoleView --- RECEIVED from Temperature Sensor --- Value: 69.72338
25 Apr 2016 23:05:12,176  INFO Sensor:98 - Class Sensor --- SEND to Controller --- Value:70.45581
25 Apr 2016 23:05:12,179  INFO Controller:83 - Class TemperatureController --- RECEIVED from Sensor --- Value: 70.45581
25 Apr 2016 23:05:12,180  INFO Controller:68 - Class TemperatureController --- SEND to Controller ...
25 Apr 2016 23:05:12,180  INFO MainMenuConsoleView:856 - Class MainMenuConsoleView --- RECEIVED from Temperature Sensor --- Value: 70.45581
25 Apr 2016 23:05:12,180  INFO MainMenuConsoleView:856 - Class MainMenuConsoleView --- RECEIVED from Temperature Sensor --- Value: 70.45581
25 Apr 2016 23:05:12,184  INFO Controller:83 - Class TemperatureController --- RECEIVED from Sensor --- Value: 70.45581
25 Apr 2016 23:05:12,185  INFO Controller:68 - Class TemperatureController --- SEND to Controller ...
25 Apr 2016 23:05:13,199  INFO Sensor:98 - Class Sensor --- SEND to Controller --- Value:71.42893
25 Apr 2016 23:05:13,203  INFO Controller:83 - Class TemperatureController --- RECEIVED from Sensor --- Value: 71.42893
25 Apr 2016 23:05:13,204  INFO Controller:68 - Class TemperatureController --- SEND to Controller ...
25 Apr 2016 23:05:13,204  INFO MainMenuConsoleView:856 - Class MainMenuConsoleView --- RECEIVED from Temperature Sensor --- Value: 71.42893
25 Apr 2016 23:05:13,206  INFO MainMenuConsoleView:856 - Class MainMenuConsoleView --- RECEIVED from Temperature Sensor --- Value: 71.42893
25 Apr 2016 23:05:13,216  INFO Controller:83 - Class TemperatureController --- RECEIVED from Sensor --- Value: 71.42893
25 Apr 2016 23:05:13,220  INFO Controller:68 - Class TemperatureController --- SEND to Controller ...
25 Apr 2016 23:05:14,242  INFO Sensor:98 - Class Sensor --- SEND to Controller --- Value:71.91946
25 Apr 2016 23:05:14,245  INFO MainMenuConsoleView:856 - Class MainMenuConsoleView --- RECEIVED from Temperature Sensor --- Value: 71.91946
25 Apr 2016 23:05:14,245  INFO Controller:83 - Class TemperatureController --- RECEIVED from Sensor --- Value: 71.91946
25 Apr 2016 23:05:14,250  INFO Controller:83 - Class TemperatureController --- RECEIVED from Sensor --- Value: 71.91946
25 Apr 2016 23:05:14,251  INFO Controller:68 - Class TemperatureController --- SEND to Controller ...
25 Apr 2016 23:05:14,250  INFO MainMenuConsoleView:856 - Class MainMenuConsoleView --- RECEIVED from Temperature Sensor --- Value: 71.91946
25 Apr 2016 23:05:14,246  INFO Controller:68 - Class TemperatureController --- SEND to Controller ...
25 Apr 2016 23:05:15,271  INFO Sensor:98 - Class Sensor --- SEND to Controller --- Value:72.7914
25 Apr 2016 23:05:15,273  INFO MainMenuConsoleView:856 - Class MainMenuConsoleView --- RECEIVED from Temperature Sensor --- Value: 72.7914
25 Apr 2016 23:05:15,274  INFO Controller:83 - Class TemperatureController --- RECEIVED from Sensor --- Value: 72.7914
25 Apr 2016 23:05:15,275  INFO Controller:68 - Class TemperatureController --- SEND to Controller ...
25 Apr 2016 23:05:15,276  INFO Controller:83 - Class TemperatureController --- RECEIVED from Sensor --- Value: 72.7914
25 Apr 2016 23:05:15,277  INFO Controller:68 - Class TemperatureController --- SEND to Controller ...
25 Apr 2016 23:05:15,288  INFO MainMenuConsoleView:856 - Class MainMenuConsoleView --- RECEIVED from Temperature Sensor --- Value: 72.7914
25 Apr 2016 23:05:16,318  INFO Sensor:98 - Class Sensor --- SEND to Controller --- Value:73.397194
25 Apr 2016 23:05:16,321  INFO MainMenuConsoleView:856 - Class MainMenuConsoleView --- RECEIVED from Temperature Sensor --- Value: 73.397194
25 Apr 2016 23:05:16,321  INFO Controller:83 - Class TemperatureController --- RECEIVED from Sensor --- Value: 73.397194
25 Apr 2016 23:05:16,322  INFO Controller:68 - Class TemperatureController --- SEND to Controller ...
25 Apr 2016 23:05:16,322  INFO MainMenuConsoleView:856 - Class MainMenuConsoleView --- RECEIVED from Temperature Sensor --- Value: 73.397194
25 Apr 2016 23:05:16,323  INFO Controller:83 - Class TemperatureController --- RECEIVED from Sensor --- Value: 73.397194
25 Apr 2016 23:05:16,324  INFO Controller:68 - Class TemperatureController --- SEND to Controller ...
25 Apr 2016 23:05:17,344  INFO Sensor:98 - Class Sensor --- SEND to Controller --- Value:74.05718
25 Apr 2016 23:05:17,346  INFO MainMenuConsoleView:856 - Class MainMenuConsoleView --- RECEIVED from Temperature Sensor --- Value: 74.05718
25 Apr 2016 23:05:17,346  INFO Controller:83 - Class TemperatureController --- RECEIVED from Sensor --- Value: 74.05718
25 Apr 2016 23:05:17,346  INFO Controller:68 - Class TemperatureController --- SEND to Controller ...
25 Apr 2016 23:05:17,347  INFO Controller:83 - Class TemperatureController --- RECEIVED from Sensor --- Value: 74.05718
25 Apr 2016 23:05:17,348  INFO Controller:68 - Class TemperatureController --- SEND to Controller ...
25 Apr 2016 23:05:17,349  INFO MainMenuConsoleView:856 - Class MainMenuConsoleView --- RECEIVED from Temperature Sensor --- Value: 74.05718
25 Apr 2016 23:05:18,375  INFO Sensor:98 - Class Sensor --- SEND to Controller --- Value:74.54216
25 Apr 2016 23:05:18,378  INFO Controller:83 - Class TemperatureController --- RECEIVED from Sensor --- Value: 74.54216
25 Apr 2016 23:05:18,378  INFO MainMenuConsoleView:856 - Class MainMenuConsoleView --- RECEIVED from Temperature Sensor --- Value: 74.54216
25 Apr 2016 23:05:18,379  INFO Controller:68 - Class TemperatureController --- SEND to Controller ...
25 Apr 2016 23:05:18,379  INFO MainMenuConsoleView:856 - Class MainMenuConsoleView --- RECEIVED from Temperature Sensor --- Value: 74.54216
25 Apr 2016 23:05:18,382  INFO Controller:83 - Class TemperatureController --- RECEIVED from Sensor --- Value: 74.54216
25 Apr 2016 23:05:18,382  INFO Controller:68 - Class TemperatureController --- SEND to Controller ...
25 Apr 2016 23:05:19,397  INFO Sensor:98 - Class Sensor --- SEND to Controller --- Value:73.947525
25 Apr 2016 23:05:19,405  INFO Controller:83 - Class TemperatureController --- RECEIVED from Sensor --- Value: 73.947525
25 Apr 2016 23:05:19,406  INFO Controller:68 - Class TemperatureController --- SEND to Controller ...
25 Apr 2016 23:05:19,406  INFO Controller:83 - Class TemperatureController --- RECEIVED from Sensor --- Value: 73.947525
25 Apr 2016 23:05:19,407  INFO Controller:68 - Class TemperatureController --- SEND to Controller ...
25 Apr 2016 23:05:19,407  INFO MainMenuConsoleView:856 - Class MainMenuConsoleView --- RECEIVED from Temperature Sensor --- Value: 73.947525
25 Apr 2016 23:05:19,406  INFO MainMenuConsoleView:856 - Class MainMenuConsoleView --- RECEIVED from Temperature Sensor --- Value: 73.947525
25 Apr 2016 23:05:20,425  INFO Sensor:98 - Class Sensor --- SEND to Controller --- Value:74.889305
25 Apr 2016 23:05:20,430  INFO Controller:83 - Class TemperatureController --- RECEIVED from Sensor --- Value: 74.889305
25 Apr 2016 23:05:20,430  INFO Controller:83 - Class TemperatureController --- RECEIVED from Sensor --- Value: 74.889305
25 Apr 2016 23:05:20,431  INFO Controller:68 - Class TemperatureController --- SEND to Controller ...
25 Apr 2016 23:05:20,431  INFO Controller:68 - Class TemperatureController --- SEND to Controller ...
25 Apr 2016 23:05:20,433  INFO MainMenuConsoleView:856 - Class MainMenuConsoleView --- RECEIVED from Temperature Sensor --- Value: 74.889305
25 Apr 2016 23:05:20,432  INFO MainMenuConsoleView:856 - Class MainMenuConsoleView --- RECEIVED from Temperature Sensor --- Value: 74.889305
25 Apr 2016 23:05:21,450  INFO Sensor:98 - Class Sensor --- SEND to Controller --- Value:74.55649
25 Apr 2016 23:05:21,453  INFO Controller:83 - Class TemperatureController --- RECEIVED from Sensor --- Value: 74.55649
25 Apr 2016 23:05:21,453  INFO Controller:68 - Class TemperatureController --- SEND to Controller ...
25 Apr 2016 23:05:21,453  INFO MainMenuConsoleView:856 - Class MainMenuConsoleView --- RECEIVED from Temperature Sensor --- Value: 74.55649
25 Apr 2016 23:05:21,457  INFO MainMenuConsoleView:856 - Class MainMenuConsoleView --- RECEIVED from Temperature Sensor --- Value: 74.55649
25 Apr 2016 23:05:21,459  INFO Controller:83 - Class TemperatureController --- RECEIVED from Sensor --- Value: 74.55649
25 Apr 2016 23:05:21,459  INFO Controller:68 - Class TemperatureController --- SEND to Controller ...
25 Apr 2016 23:05:22,466  INFO Sensor:98 - Class Sensor --- SEND to Controller --- Value:74.24727
25 Apr 2016 23:05:22,476  INFO MainMenuConsoleView:856 - Class MainMenuConsoleView --- RECEIVED from Temperature Sensor --- Value: 74.24727
25 Apr 2016 23:05:22,476  INFO Controller:83 - Class TemperatureController --- RECEIVED from Sensor --- Value: 74.24727
25 Apr 2016 23:05:22,476  INFO Controller:68 - Class TemperatureController --- SEND to Controller ...
25 Apr 2016 23:05:22,476  INFO Controller:83 - Class TemperatureController --- RECEIVED from Sensor --- Value: 74.24727
25 Apr 2016 23:05:22,477  INFO MainMenuConsoleView:856 - Class MainMenuConsoleView --- RECEIVED from Temperature Sensor --- Value: 74.24727
25 Apr 2016 23:05:22,477  INFO Controller:68 - Class TemperatureController --- SEND to Controller ...
25 Apr 2016 23:05:23,481  INFO Sensor:98 - Class Sensor --- SEND to Controller --- Value:73.9446
25 Apr 2016 23:05:23,486  INFO Controller:83 - Class TemperatureController --- RECEIVED from Sensor --- Value: 73.9446
25 Apr 2016 23:05:23,486  INFO MainMenuConsoleView:856 - Class MainMenuConsoleView --- RECEIVED from Temperature Sensor --- Value: 73.9446
25 Apr 2016 23:05:23,486  INFO Controller:68 - Class TemperatureController --- SEND to Controller ...
25 Apr 2016 23:05:23,490  INFO Controller:83 - Class TemperatureController --- RECEIVED from Sensor --- Value: 73.9446
25 Apr 2016 23:05:23,486  INFO MainMenuConsoleView:856 - Class MainMenuConsoleView --- RECEIVED from Temperature Sensor --- Value: 73.9446
25 Apr 2016 23:05:23,490  INFO Controller:68 - Class TemperatureController --- SEND to Controller ...
25 Apr 2016 23:05:24,506  INFO Sensor:98 - Class Sensor --- SEND to Controller --- Value:73.413124
25 Apr 2016 23:05:24,508  INFO MainMenuConsoleView:856 - Class MainMenuConsoleView --- RECEIVED from Temperature Sensor --- Value: 73.413124
25 Apr 2016 23:05:24,509  INFO Controller:83 - Class TemperatureController --- RECEIVED from Sensor --- Value: 73.413124
25 Apr 2016 23:05:24,509  INFO Controller:68 - Class TemperatureController --- SEND to Controller ...
25 Apr 2016 23:05:24,510  INFO Controller:83 - Class TemperatureController --- RECEIVED from Sensor --- Value: 73.413124
25 Apr 2016 23:05:24,510  INFO Controller:68 - Class TemperatureController --- SEND to Controller ...
25 Apr 2016 23:05:24,510  INFO MainMenuConsoleView:856 - Class MainMenuConsoleView --- RECEIVED from Temperature Sensor --- Value: 73.413124
25 Apr 2016 23:05:25,520  INFO Sensor:98 - Class Sensor --- SEND to Controller --- Value:73.29648
25 Apr 2016 23:05:25,522  INFO MainMenuConsoleView:856 - Class MainMenuConsoleView --- RECEIVED from Temperature Sensor --- Value: 73.29648
25 Apr 2016 23:05:25,522  INFO Controller:83 - Class TemperatureController --- RECEIVED from Sensor --- Value: 73.29648
25 Apr 2016 23:05:25,523  INFO Controller:68 - Class TemperatureController --- SEND to Controller ...
25 Apr 2016 23:05:25,523  INFO Controller:83 - Class TemperatureController --- RECEIVED from Sensor --- Value: 73.29648
25 Apr 2016 23:05:25,524  INFO MainMenuConsoleView:856 - Class MainMenuConsoleView --- RECEIVED from Temperature Sensor --- Value: 73.29648
25 Apr 2016 23:05:25,524  INFO Controller:68 - Class TemperatureController --- SEND to Controller ...
25 Apr 2016 23:05:26,537  INFO Sensor:98 - Class Sensor --- SEND to Controller --- Value:72.784294
25 Apr 2016 23:05:26,539  INFO Controller:83 - Class TemperatureController --- RECEIVED from Sensor --- Value: 72.784294
25 Apr 2016 23:05:26,539  INFO Controller:68 - Class TemperatureController --- SEND to Controller ...
25 Apr 2016 23:05:26,540  INFO MainMenuConsoleView:856 - Class MainMenuConsoleView --- RECEIVED from Temperature Sensor --- Value: 72.784294
25 Apr 2016 23:05:26,540  INFO Controller:83 - Class TemperatureController --- RECEIVED from Sensor --- Value: 72.784294
25 Apr 2016 23:05:26,540  INFO Controller:68 - Class TemperatureController --- SEND to Controller ...
25 Apr 2016 23:05:26,543  INFO MainMenuConsoleView:856 - Class MainMenuConsoleView --- RECEIVED from Temperature Sensor --- Value: 72.784294
25 Apr 2016 23:05:27,553  INFO Sensor:98 - Class Sensor --- SEND to Controller --- Value:73.20114
25 Apr 2016 23:05:27,555  INFO MainMenuConsoleView:856 - Class MainMenuConsoleView --- RECEIVED from Temperature Sensor --- Value: 73.20114
25 Apr 2016 23:05:27,556  INFO Controller:83 - Class TemperatureController --- RECEIVED from Sensor --- Value: 73.20114
25 Apr 2016 23:05:27,556  INFO Controller:68 - Class TemperatureController --- SEND to Controller ...
25 Apr 2016 23:05:27,558  INFO MainMenuConsoleView:856 - Class MainMenuConsoleView --- RECEIVED from Temperature Sensor --- Value: 73.20114
25 Apr 2016 23:05:27,555  INFO Controller:83 - Class TemperatureController --- RECEIVED from Sensor --- Value: 73.20114
25 Apr 2016 23:05:27,560  INFO Controller:68 - Class TemperatureController --- SEND to Controller ...
25 Apr 2016 23:05:28,574  INFO Sensor:98 - Class Sensor --- SEND to Controller --- Value:73.68402
25 Apr 2016 23:05:28,576  INFO Controller:83 - Class TemperatureController --- RECEIVED from Sensor --- Value: 73.68402
25 Apr 2016 23:05:28,576  INFO MainMenuConsoleView:856 - Class MainMenuConsoleView --- RECEIVED from Temperature Sensor --- Value: 73.68402
25 Apr 2016 23:05:28,576  INFO MainMenuConsoleView:856 - Class MainMenuConsoleView --- RECEIVED from Temperature Sensor --- Value: 73.68402
25 Apr 2016 23:05:28,576  INFO Controller:83 - Class TemperatureController --- RECEIVED from Sensor --- Value: 73.68402
25 Apr 2016 23:05:28,576  INFO Controller:68 - Class TemperatureController --- SEND to Controller ...
25 Apr 2016 23:05:28,577  INFO Controller:68 - Class TemperatureController --- SEND to Controller ...
25 Apr 2016 23:05:29,591  INFO Sensor:98 - Class Sensor --- SEND to Controller --- Value:73.86097
25 Apr 2016 23:05:29,593  INFO MainMenuConsoleView:856 - Class MainMenuConsoleView --- RECEIVED from Temperature Sensor --- Value: 73.86097
25 Apr 2016 23:05:29,593  INFO Controller:83 - Class TemperatureController --- RECEIVED from Sensor --- Value: 73.86097
25 Apr 2016 23:05:29,594  INFO Controller:68 - Class TemperatureController --- SEND to Controller ...
25 Apr 2016 23:05:29,594  INFO Controller:83 - Class TemperatureController --- RECEIVED from Sensor --- Value: 73.86097
25 Apr 2016 23:05:29,594  INFO Controller:68 - Class TemperatureController --- SEND to Controller ...
25 Apr 2016 23:05:29,595  INFO MainMenuConsoleView:856 - Class MainMenuConsoleView --- RECEIVED from Temperature Sensor --- Value: 73.86097
25 Apr 2016 23:05:30,605  INFO Sensor:98 - Class Sensor --- SEND to Controller --- Value:73.40541
25 Apr 2016 23:05:30,612  INFO Controller:83 - Class TemperatureController --- RECEIVED from Sensor --- Value: 73.40541
25 Apr 2016 23:05:30,613  INFO Controller:68 - Class TemperatureController --- SEND to Controller ...
25 Apr 2016 23:05:30,613  INFO MainMenuConsoleView:856 - Class MainMenuConsoleView --- RECEIVED from Temperature Sensor --- Value: 73.40541
25 Apr 2016 23:05:30,615  INFO Controller:83 - Class TemperatureController --- RECEIVED from Sensor --- Value: 73.40541
25 Apr 2016 23:05:30,615  INFO Controller:68 - Class TemperatureController --- SEND to Controller ...
25 Apr 2016 23:05:30,615  INFO MainMenuConsoleView:856 - Class MainMenuConsoleView --- RECEIVED from Temperature Sensor --- Value: 73.40541
25 Apr 2016 23:05:31,630  INFO Sensor:98 - Class Sensor --- SEND to Controller --- Value:72.81934
25 Apr 2016 23:05:31,633  INFO MainMenuConsoleView:856 - Class MainMenuConsoleView --- RECEIVED from Temperature Sensor --- Value: 72.81934
25 Apr 2016 23:05:31,633  INFO Controller:83 - Class TemperatureController --- RECEIVED from Sensor --- Value: 72.81934
25 Apr 2016 23:05:31,634  INFO Controller:68 - Class TemperatureController --- SEND to Controller ...
25 Apr 2016 23:05:31,633  INFO Controller:83 - Class TemperatureController --- RECEIVED from Sensor --- Value: 72.81934
25 Apr 2016 23:05:31,633  INFO MainMenuConsoleView:856 - Class MainMenuConsoleView --- RECEIVED from Temperature Sensor --- Value: 72.81934
25 Apr 2016 23:05:31,635  INFO Controller:68 - Class TemperatureController --- SEND to Controller ...
25 Apr 2016 23:05:32,643  INFO Sensor:98 - Class Sensor --- SEND to Controller --- Value:72.53324
25 Apr 2016 23:05:32,645  INFO MainMenuConsoleView:856 - Class MainMenuConsoleView --- RECEIVED from Temperature Sensor --- Value: 72.53324
25 Apr 2016 23:05:32,646  INFO Controller:83 - Class TemperatureController --- RECEIVED from Sensor --- Value: 72.53324
25 Apr 2016 23:05:32,647  INFO Controller:68 - Class TemperatureController --- SEND to Controller ...
25 Apr 2016 23:05:32,647  INFO Controller:83 - Class TemperatureController --- RECEIVED from Sensor --- Value: 72.53324
25 Apr 2016 23:05:32,650  INFO Controller:68 - Class TemperatureController --- SEND to Controller ...
25 Apr 2016 23:05:32,647  INFO MainMenuConsoleView:856 - Class MainMenuConsoleView --- RECEIVED from Temperature Sensor --- Value: 72.53324
25 Apr 2016 23:05:33,662  INFO Sensor:98 - Class Sensor --- SEND to Controller --- Value:73.43997
25 Apr 2016 23:05:33,664  INFO MainMenuConsoleView:856 - Class MainMenuConsoleView --- RECEIVED from Temperature Sensor --- Value: 73.43997
25 Apr 2016 23:05:33,665  INFO Controller:83 - Class TemperatureController --- RECEIVED from Sensor --- Value: 73.43997
25 Apr 2016 23:05:33,665  INFO Controller:68 - Class TemperatureController --- SEND to Controller ...
25 Apr 2016 23:05:33,664  INFO Controller:83 - Class TemperatureController --- RECEIVED from Sensor --- Value: 73.43997
25 Apr 2016 23:05:33,666  INFO Controller:68 - Class TemperatureController --- SEND to Controller ...
25 Apr 2016 23:05:33,676  INFO MainMenuConsoleView:856 - Class MainMenuConsoleView --- RECEIVED from Temperature Sensor --- Value: 73.43997
25 Apr 2016 23:05:34,684  INFO Sensor:98 - Class Sensor --- SEND to Controller --- Value:72.86334
25 Apr 2016 23:05:34,688  INFO Controller:83 - Class TemperatureController --- RECEIVED from Sensor --- Value: 72.86334
25 Apr 2016 23:05:34,689  INFO MainMenuConsoleView:856 - Class MainMenuConsoleView --- RECEIVED from Temperature Sensor --- Value: 72.86334
25 Apr 2016 23:05:34,689  INFO Controller:68 - Class TemperatureController --- SEND to Controller ...
25 Apr 2016 23:05:34,690  INFO MainMenuConsoleView:856 - Class MainMenuConsoleView --- RECEIVED from Temperature Sensor --- Value: 72.86334
25 Apr 2016 23:05:34,689  INFO Controller:83 - Class TemperatureController --- RECEIVED from Sensor --- Value: 72.86334
25 Apr 2016 23:05:34,695  INFO Controller:68 - Class TemperatureController --- SEND to Controller ...
25 Apr 2016 23:05:35,714  INFO Sensor:98 - Class Sensor --- SEND to Controller --- Value:72.321075
25 Apr 2016 23:05:35,718  INFO MainMenuConsoleView:856 - Class MainMenuConsoleView --- RECEIVED from Temperature Sensor --- Value: 72.321075
25 Apr 2016 23:05:35,719  INFO MainMenuConsoleView:856 - Class MainMenuConsoleView --- RECEIVED from Temperature Sensor --- Value: 72.321075
25 Apr 2016 23:05:35,718  INFO Controller:83 - Class TemperatureController --- RECEIVED from Sensor --- Value: 72.321075
25 Apr 2016 23:05:35,720  INFO Controller:83 - Class TemperatureController --- RECEIVED from Sensor --- Value: 72.321075
25 Apr 2016 23:05:35,720  INFO Controller:68 - Class TemperatureController --- SEND to Controller ...
25 Apr 2016 23:05:35,720  INFO Controller:68 - Class TemperatureController --- SEND to Controller ...
25 Apr 2016 23:05:36,732  INFO Sensor:98 - Class Sensor --- SEND to Controller --- Value:71.32385
25 Apr 2016 23:05:36,736  INFO Controller:83 - Class TemperatureController --- RECEIVED from Sensor --- Value: 71.32385
25 Apr 2016 23:05:36,736  INFO Controller:83 - Class TemperatureController --- RECEIVED from Sensor --- Value: 71.32385
25 Apr 2016 23:05:36,737  INFO Controller:68 - Class TemperatureController --- SEND to Controller ...
25 Apr 2016 23:05:36,737  INFO Controller:68 - Class TemperatureController --- SEND to Controller ...
25 Apr 2016 23:05:36,737  INFO MainMenuConsoleView:856 - Class MainMenuConsoleView --- RECEIVED from Temperature Sensor --- Value: 71.32385
25 Apr 2016 23:05:36,738  INFO MainMenuConsoleView:856 - Class MainMenuConsoleView --- RECEIVED from Temperature Sensor --- Value: 71.32385
25 Apr 2016 23:05:37,760  INFO Sensor:98 - Class Sensor --- SEND to Controller --- Value:71.62505
25 Apr 2016 23:05:37,763  INFO MainMenuConsoleView:856 - Class MainMenuConsoleView --- RECEIVED from Temperature Sensor --- Value: 71.62505
25 Apr 2016 23:05:37,763  INFO Controller:83 - Class TemperatureController --- RECEIVED from Sensor --- Value: 71.62505
25 Apr 2016 23:05:37,764  INFO Controller:68 - Class TemperatureController --- SEND to Controller ...
25 Apr 2016 23:05:37,765  INFO MainMenuConsoleView:856 - Class MainMenuConsoleView --- RECEIVED from Temperature Sensor --- Value: 71.62505
25 Apr 2016 23:05:37,763  INFO Controller:83 - Class TemperatureController --- RECEIVED from Sensor --- Value: 71.62505
25 Apr 2016 23:05:37,769  INFO Controller:68 - Class TemperatureController --- SEND to Controller ...
25 Apr 2016 23:05:38,781  INFO Sensor:98 - Class Sensor --- SEND to Controller --- Value:72.18409
25 Apr 2016 23:05:38,783  INFO MainMenuConsoleView:856 - Class MainMenuConsoleView --- RECEIVED from Temperature Sensor --- Value: 72.18409
25 Apr 2016 23:05:38,784  INFO Controller:83 - Class TemperatureController --- RECEIVED from Sensor --- Value: 72.18409
25 Apr 2016 23:05:38,784  INFO Controller:68 - Class TemperatureController --- SEND to Controller ...
25 Apr 2016 23:05:38,784  INFO Controller:83 - Class TemperatureController --- RECEIVED from Sensor --- Value: 72.18409
25 Apr 2016 23:05:38,785  INFO Controller:68 - Class TemperatureController --- SEND to Controller ...
25 Apr 2016 23:05:38,785  INFO MainMenuConsoleView:856 - Class MainMenuConsoleView --- RECEIVED from Temperature Sensor --- Value: 72.18409
25 Apr 2016 23:05:39,796  INFO Sensor:98 - Class Sensor --- SEND to Controller --- Value:72.71604
25 Apr 2016 23:05:39,798  INFO Controller:83 - Class TemperatureController --- RECEIVED from Sensor --- Value: 72.71604
25 Apr 2016 23:05:39,798  INFO Controller:83 - Class TemperatureController --- RECEIVED from Sensor --- Value: 72.71604
25 Apr 2016 23:05:39,799  INFO Controller:68 - Class TemperatureController --- SEND to Controller ...
25 Apr 2016 23:05:39,799  INFO Controller:68 - Class TemperatureController --- SEND to Controller ...
25 Apr 2016 23:05:39,799  INFO MainMenuConsoleView:856 - Class MainMenuConsoleView --- RECEIVED from Temperature Sensor --- Value: 72.71604
25 Apr 2016 23:05:39,799  INFO MainMenuConsoleView:856 - Class MainMenuConsoleView --- RECEIVED from Temperature Sensor --- Value: 72.71604
25 Apr 2016 23:05:40,813  INFO Sensor:98 - Class Sensor --- SEND to Controller --- Value:72.84177
25 Apr 2016 23:05:40,816  INFO Controller:83 - Class TemperatureController --- RECEIVED from Sensor --- Value: 72.84177
25 Apr 2016 23:05:40,816  INFO Controller:68 - Class TemperatureController --- SEND to Controller ...
25 Apr 2016 23:05:40,816  INFO Controller:83 - Class TemperatureController --- RECEIVED from Sensor --- Value: 72.84177
25 Apr 2016 23:05:40,816  INFO MainMenuConsoleView:856 - Class MainMenuConsoleView --- RECEIVED from Temperature Sensor --- Value: 72.84177
25 Apr 2016 23:05:40,816  INFO Controller:68 - Class TemperatureController --- SEND to Controller ...
25 Apr 2016 23:05:40,816  INFO MainMenuConsoleView:856 - Class MainMenuConsoleView --- RECEIVED from Temperature Sensor --- Value: 72.84177
25 Apr 2016 23:05:41,830  INFO Sensor:98 - Class Sensor --- SEND to Controller --- Value:73.412346
25 Apr 2016 23:05:41,832  INFO MainMenuConsoleView:856 - Class MainMenuConsoleView --- RECEIVED from Temperature Sensor --- Value: 73.412346
25 Apr 2016 23:05:41,833  INFO Controller:83 - Class TemperatureController --- RECEIVED from Sensor --- Value: 73.412346
25 Apr 2016 23:05:41,833  INFO Controller:68 - Class TemperatureController --- SEND to Controller ...
25 Apr 2016 23:05:41,833  INFO MainMenuConsoleView:856 - Class MainMenuConsoleView --- RECEIVED from Temperature Sensor --- Value: 73.412346
25 Apr 2016 23:05:41,833  INFO Controller:83 - Class TemperatureController --- RECEIVED from Sensor --- Value: 73.412346
25 Apr 2016 23:05:41,838  INFO Controller:68 - Class TemperatureController --- SEND to Controller ...
25 Apr 2016 23:05:42,850  INFO Sensor:98 - Class Sensor --- SEND to Controller --- Value:72.45293
25 Apr 2016 23:05:42,852  INFO Controller:83 - Class TemperatureController --- RECEIVED from Sensor --- Value: 72.45293
25 Apr 2016 23:05:42,853  INFO Controller:83 - Class TemperatureController --- RECEIVED from Sensor --- Value: 72.45293
25 Apr 2016 23:05:42,853  INFO Controller:68 - Class TemperatureController --- SEND to Controller ...
25 Apr 2016 23:05:42,853  INFO MainMenuConsoleView:856 - Class MainMenuConsoleView --- RECEIVED from Temperature Sensor --- Value: 72.45293
25 Apr 2016 23:05:42,853  INFO Controller:68 - Class TemperatureController --- SEND to Controller ...
25 Apr 2016 23:05:42,853  INFO MainMenuConsoleView:856 - Class MainMenuConsoleView --- RECEIVED from Temperature Sensor --- Value: 72.45293
